dawnlightning/build/outputs/logs/manifest-merger-debug-report.txt
-- Merging decision tree log ---
manifest
ADDED from dianliang\dawnlightning\AndroidManifest.xml:2:1-346:12
	xmlns:tools
		ADDED from dianliang\dawnlightning\AndroidManifest.xml:3:5-51
	xmlns:android
		ADDED from dianliang\dawnlightning\AndroidManifest.xml:2:11-69
	package
		ADDED from dianliang\dawnlightning\AndroidManifest.xml:4:5-37
	android:versionName
		ADDED from dianliang\dawnlightning\AndroidManifest.xml:6:5-30
		INJECTED from dianliang\dawnlightning\AndroidManifest.xml
		INJECTED from dianliang\dawnlightning\AndroidManifest.xml
	android:versionCode
		ADDED from dianliang\dawnlightning\AndroidManifest.xml:5:5-28
		INJECTED from dianliang\dawnlightning\AndroidManifest.xml
		INJECTED from dianliang\dawnlightning\AndroidManifest.xml
uses-sdk
ADDED from dianliang\dawnlightning\AndroidManifest.xml:8:5-10:41
MERGED from [dianliang:XListView:unspecified] AndroidManifest.xml:7:5-43
MERGED from [dianliang:imageloadlibrary:unspecified] AndroidManifest.xml:7:5-9:41
MERGED from [dianliang:gesture-imageview:unspecified] AndroidManifest.xml:7:5-43
	android:targetSdkVersion
		ADDED from dianliang\dawnlightning\AndroidManifest.xml:10:9-38
	android:minSdkVersion
		ADDED from dianliang\dawnlightning\AndroidManifest.xml:9:9-34
permission#com.dawnlightning.ucqa.permission.JPUSH_MESSAGE
ADDED from dianliang\dawnlightning\AndroidManifest.xml:12:6-14:47
	android:protectionLevel
		ADDED from dianliang\dawnlightning\AndroidManifest.xml:14:9-44
	android:name
		ADDED from dianliang\dawnlightning\AndroidManifest.xml:13:9-71
uses-permission#com.dawnlightning.ucqa.permission.JPUSH_MESSAGE
ADDED from dianliang\dawnlightning\AndroidManifest.xml:17:5-87
	android:name
		ADDED from dianliang\dawnlightning\AndroidManifest.xml:17:22-84
uses-permission#android.permission.RECEIVE_USER_PRESENT
ADDED from dianliang\dawnlightning\AndroidManifest.xml:18:5-79
	android:name
		ADDED from dianliang\dawnlightning\AndroidManifest.xml:18:22-76
uses-permission#android.permission.INTERNET
ADDED from dianliang\dawnlightning\AndroidManifest.xml:19:5-67
	android:name
		ADDED from dianliang\dawnlightning\AndroidManifest.xml:19:22-64
uses-permission#android.permission.WAKE_LOCK
ADDED from dianliang\dawnlightning\AndroidManifest.xml:20:5-68
	android:name
		ADDED from dianliang\dawnlightning\AndroidManifest.xml:20:22-65
uses-permission#android.permission.READ_PHONE_STATE
ADDED from dianliang\dawnlightning\AndroidManifest.xml:21:5-75
	android:name
		ADDED from dianliang\dawnlightning\AndroidManifest.xml:21:22-72
uses-permission#android.permission.WRITE_EXTERNAL_STORAGE
ADDED from dianliang\dawnlightning\AndroidManifest.xml:22:5-81
	android:name
		ADDED from dianliang\dawnlightning\AndroidManifest.xml:22:22-78
uses-permission#android.permission.READ_EXTERNAL_STORAGE
ADDED from dianliang\dawnlightning\AndroidManifest.xml:23:5-80
	android:name
		ADDED from dianliang\dawnlightning\AndroidManifest.xml:23:22-77
uses-permission#android.permission.WRITE_SETTINGS
ADDED from dianliang\dawnlightning\AndroidManifest.xml:24:5-73
	android:name
		ADDED from dianliang\dawnlightning\AndroidManifest.xml:24:22-70
uses-permission#android.permission.VIBRATE
ADDED from dianliang\dawnlightning\AndroidManifest.xml:25:5-66
	android:name
		ADDED from dianliang\dawnlightning\AndroidManifest.xml:25:22-63
uses-permission#android.permission.MOUNT_UNMOUNT_FILESYSTEMS
ADDED from dianliang\dawnlightning\AndroidManifest.xml:26:5-84
	android:name
		ADDED from dianliang\dawnlightning\AndroidManifest.xml:26:22-81
uses-permission#android.permission.ACCESS_NETWORK_STATE
ADDED from dianliang\dawnlightning\AndroidManifest.xml:27:5-79
	android:name
		ADDED from dianliang\dawnlightning\AndroidManifest.xml:27:22-76
uses-permission#android.permission.SYSTEM_ALERT_WINDOW
ADDED from dianliang\dawnlightning\AndroidManifest.xml:28:5-77
	android:name
		ADDED from dianliang\dawnlightning\AndroidManifest.xml:28:22-75
uses-permission#android.permission.ACCESS_COARSE_LOCATION
ADDED from dianliang\dawnlightning\AndroidManifest.xml:30:5-81
	android:name
		ADDED from dianliang\dawnlightning\AndroidManifest.xml:30:22-78
uses-permission#android.permission.ACCESS_WIFI_STATE
ADDED from dianliang\dawnlightning\AndroidManifest.xml:31:5-76
	android:name
		ADDED from dianliang\dawnlightning\AndroidManifest.xml:31:22-73
uses-permission#android.permission.CHANGE_WIFI_STATE
ADDED from dianliang\dawnlightning\AndroidManifest.xml:32:5-76
	android:name
		ADDED from dianliang\dawnlightning\AndroidManifest.xml:32:22-73
uses-permission#android.permission.ACCESS_FINE_LOCATION
ADDED from dianliang\dawnlightning\AndroidManifest.xml:33:5-79
	android:name
		ADDED from dianliang\dawnlightning\AndroidManifest.xml:33:22-76
uses-permission#android.permission.ACCESS_LOCATION_EXTRA_COMMANDS
ADDED from dianliang\dawnlightning\AndroidManifest.xml:34:5-89
	android:name
		ADDED from dianliang\dawnlightning\AndroidManifest.xml:34:22-86
uses-permission#android.permission.CHANGE_NETWORK_STATE
ADDED from dianliang\dawnlightning\AndroidManifest.xml:35:5-79
	android:name
		ADDED from dianliang\dawnlightning\AndroidManifest.xml:35:22-76
uses-permission#android.permission.CAMERA
ADDED from dianliang\dawnlightning\AndroidManifest.xml:44:5-65
	android:name
		ADDED from dianliang\dawnlightning\AndroidManifest.xml:44:22-62
permission#android.permission.BAIDU_LOCATION_SERVICE
ADDED from dianliang\dawnlightning\AndroidManifest.xml:46:5-47:18
	android:name
		ADDED from dianliang\dawnlightning\AndroidManifest.xml:46:17-73
uses-permission#android.permission.BAIDU_LOCATION_SERVICE
ADDED from dianliang\dawnlightning\AndroidManifest.xml:48:5-49:23
	android:name
		ADDED from dianliang\dawnlightning\AndroidManifest.xml:48:22-78
uses-permission#android.permission.ACCESS_MOCK_LOCATION
ADDED from dianliang\dawnlightning\AndroidManifest.xml:56:5-57:23
	android:name
		ADDED from dianliang\dawnlightning\AndroidManifest.xml:56:22-76
uses-permission#com.android.launcher.permission.READ_SETTINGS
ADDED from dianliang\dawnlightning\AndroidManifest.xml:61:5-85
	android:name
		ADDED from dianliang\dawnlightning\AndroidManifest.xml:61:22-82
uses-permission#android.permission.ACCESS_GPS
ADDED from dianliang\dawnlightning\AndroidManifest.xml:66:5-69
	android:name
		ADDED from dianliang\dawnlightning\AndroidManifest.xml:66:22-66
uses-permission#android.permission.READ_CONTACTS
ADDED from dianliang\dawnlightning\AndroidManifest.xml:68:5-72
	android:name
		ADDED from dianliang\dawnlightning\AndroidManifest.xml:68:22-69
uses-permission#android.permission.CALL_PHONE
ADDED from dianliang\dawnlightning\AndroidManifest.xml:69:5-69
	android:name
		ADDED from dianliang\dawnlightning\AndroidManifest.xml:69:22-66
uses-permission#android.permission.READ_SMS
ADDED from dianliang\dawnlightning\AndroidManifest.xml:70:5-67
	android:name
		ADDED from dianliang\dawnlightning\AndroidManifest.xml:70:22-64
uses-permission#android.permission.SEND_SMS
ADDED from dianliang\dawnlightning\AndroidManifest.xml:71:5-67
	android:name
		ADDED from dianliang\dawnlightning\AndroidManifest.xml:71:22-64
uses-permission#android.permission.GET_TASKS
ADDED from dianliang\dawnlightning\AndroidManifest.xml:73:5-68
	android:name
		ADDED from dianliang\dawnlightning\AndroidManifest.xml:73:22-65
uses-permission#android.permission.RECORD_AUDIO
ADDED from dianliang\dawnlightning\AndroidManifest.xml:76:5-77:23
	android:name
		ADDED from dianliang\dawnlightning\AndroidManifest.xml:76:22-68
uses-permission#android.permission.RECEIVE_BOOT_COMPLETED
ADDED from dianliang\dawnlightning\AndroidManifest.xml:80:5-81
	android:name
		ADDED from dianliang\dawnlightning\AndroidManifest.xml:80:22-78
uses-permission#android.permission.BROADCAST_STICKY
ADDED from dianliang\dawnlightning\AndroidManifest.xml:81:5-75
	android:name
		ADDED from dianliang\dawnlightning\AndroidManifest.xml:81:22-72
application
ADDED from dianliang\dawnlightning\AndroidManifest.xml:87:5-344:19
MERGED from [dianliang:XListView:unspecified] AndroidManifest.xml:9:5-13:19
	android:label
		ADDED from dianliang\dawnlightning\AndroidManifest.xml:90:9-41
	android:allowBackup
		ADDED from dianliang\dawnlightning\AndroidManifest.xml:88:9-35
	android:icon
		ADDED from dianliang\dawnlightning\AndroidManifest.xml:89:9-40
		REJECTED from [dianliang:XListView:unspecified] AndroidManifest.xml:10:9-45
	android:theme
		ADDED from dianliang\dawnlightning\AndroidManifest.xml:92:9-40
		REJECTED from [dianliang:XListView:unspecified] AndroidManifest.xml:12:9-40
	tools:replace
		ADDED from dianliang\dawnlightning\AndroidManifest.xml:91:9-52
activity#com.zhy.Activity.GuideActivity
ADDED from dianliang\dawnlightning\AndroidManifest.xml:93:9-104:20
	android:screenOrientation
		ADDED from dianliang\dawnlightning\AndroidManifest.xml:97:13-49
	android:label
		ADDED from dianliang\dawnlightning\AndroidManifest.xml:95:13-45
	android:theme
		ADDED from dianliang\dawnlightning\AndroidManifest.xml:96:13-43
	android:name
		ADDED from dianliang\dawnlightning\AndroidManifest.xml:94:13-58
intent-filter#android.intent.action.MAIN+android.intent.category.LAUNCHER
ADDED from dianliang\dawnlightning\AndroidManifest.xml:99:13-103:29
action#android.intent.action.MAIN
ADDED from dianliang\dawnlightning\AndroidManifest.xml:100:17-69
	android:name
		ADDED from dianliang\dawnlightning\AndroidManifest.xml:100:25-66
category#android.intent.category.LAUNCHER
ADDED from dianliang\dawnlightning\AndroidManifest.xml:102:17-77
	android:name
		ADDED from dianliang\dawnlightning\AndroidManifest.xml:102:27-74
activity#com.zhy.Activity.LoginActivity
ADDED from dianliang\dawnlightning\AndroidManifest.xml:106:11-112:20
	android:screenOrientation
		ADDED from dianliang\dawnlightning\AndroidManifest.xml:110:13-49
	android:theme
		ADDED from dianliang\dawnlightning\AndroidManifest.xml:109:13-43
	android:name
		ADDED from dianliang\dawnlightning\AndroidManifest.xml:107:13-58
	android:launchMode
		ADDED from dianliang\dawnlightning\AndroidManifest.xml:108:13-43
activity#com.zhy.Activity.RegisterActivity
ADDED from dianliang\dawnlightning\AndroidManifest.xml:113:9-118:20
	android:screenOrientation
		ADDED from dianliang\dawnlightning\AndroidManifest.xml:116:13-49
	android:name
		ADDED from dianliang\dawnlightning\AndroidManifest.xml:114:13-61
	android:launchMode
		ADDED from dianliang\dawnlightning\AndroidManifest.xml:115:13-43
activity#com.zhy.Activity.ConsultActivity
ADDED from dianliang\dawnlightning\AndroidManifest.xml:119:12-124:20
	android:screenOrientation
		ADDED from dianliang\dawnlightning\AndroidManifest.xml:122:13-49
	android:name
		ADDED from dianliang\dawnlightning\AndroidManifest.xml:120:13-60
	android:launchMode
		ADDED from dianliang\dawnlightning\AndroidManifest.xml:121:13-43
activity#com.zhy.Activity.BrowseImageViewActivity
ADDED from dianliang\dawnlightning\AndroidManifest.xml:125:10-130:20
	android:screenOrientation
		ADDED from dianliang\dawnlightning\AndroidManifest.xml:128:13-49
	android:name
		ADDED from dianliang\dawnlightning\AndroidManifest.xml:126:13-68
	android:launchMode
		ADDED from dianliang\dawnlightning\AndroidManifest.xml:127:13-43
activity#com.zhy.Activity.ContentActivity
ADDED from dianliang\dawnlightning\AndroidManifest.xml:131:9-136:20
	android:screenOrientation
		ADDED from dianliang\dawnlightning\AndroidManifest.xml:134:13-49
	android:name
		ADDED from dianliang\dawnlightning\AndroidManifest.xml:132:13-60
	android:launchMode
		ADDED from dianliang\dawnlightning\AndroidManifest.xml:133:13-43
activity#com.zhy.Activity.UserInfoActivity
ADDED from dianliang\dawnlightning\AndroidManifest.xml:137:10-142:20
	android:screenOrientation
		ADDED from dianliang\dawnlightning\AndroidManifest.xml:140:13-49
	android:name
		ADDED from dianliang\dawnlightning\AndroidManifest.xml:138:13-61
	android:launchMode
		ADDED from dianliang\dawnlightning\AndroidManifest.xml:139:13-43
activity#com.zhy.Activity.MainActivity
ADDED from dianliang\dawnlightning\AndroidManifest.xml:143:9-148:20
	android:screenOrientation
		ADDED from dianliang\dawnlightning\AndroidManifest.xml:146:13-49
	android:name
		ADDED from dianliang\dawnlightning\AndroidManifest.xml:144:13-57
	android:launchMode
		ADDED from dianliang\dawnlightning\AndroidManifest.xml:145:13-43
activity#com.zhy.Activity.WelcomeActivity
ADDED from dianliang\dawnlightning\AndroidManifest.xml:149:11-154:20
	android:screenOrientation
		ADDED from dianliang\dawnlightning\AndroidManifest.xml:152:13-49
	android:name
		ADDED from dianliang\dawnlightning\AndroidManifest.xml:150:13-60
	android:launchMode
		ADDED from dianliang\dawnlightning\AndroidManifest.xml:151:13-43
activity#com.zhy.Activity.CommentActivity
ADDED from dianliang\dawnlightning\AndroidManifest.xml:155:9-160:20
	android:screenOrientation
		ADDED from dianliang\dawnlightning\AndroidManifest.xml:158:13-49
	android:name
		ADDED from dianliang\dawnlightning\AndroidManifest.xml:156:13-60
	android:launchMode
		ADDED from dianliang\dawnlightning\AndroidManifest.xml:157:13-43
activity#com.zhy.Activity.MyConsultActivity
ADDED from dianliang\dawnlightning\AndroidManifest.xml:161:10-166:20
	android:screenOrientation
		ADDED from dianliang\dawnlightning\AndroidManifest.xml:164:13-49
	android:name
		ADDED from dianliang\dawnlightning\AndroidManifest.xml:162:13-62
	android:launchMode
		ADDED from dianliang\dawnlightning\AndroidManifest.xml:163:13-43
activity#com.zhy.Activity.AboutActivity
ADDED from dianliang\dawnlightning\AndroidManifest.xml:167:11-172:20
	android:screenOrientation
		ADDED from dianliang\dawnlightning\AndroidManifest.xml:170:13-49
	android:name
		ADDED from dianliang\dawnlightning\AndroidManifest.xml:168:13-58
	android:launchMode
		ADDED from dianliang\dawnlightning\AndroidManifest.xml:169:13-43
activity#com.zhy.Activity.MyConsultContentActivity
ADDED from dianliang\dawnlightning\AndroidManifest.xml:173:11-178:20
	android:screenOrientation
		ADDED from dianliang\dawnlightning\AndroidManifest.xml:176:13-49
	android:name
		ADDED from dianliang\dawnlightning\AndroidManifest.xml:174:13-69
	android:launchMode
		ADDED from dianliang\dawnlightning\AndroidManifest.xml:175:13-43
activity#com.zhy.Activity.PictureActivity
ADDED from dianliang\dawnlightning\AndroidManifest.xml:180:13-186:20
	android:screenOrientation
		ADDED from dianliang\dawnlightning\AndroidManifest.xml:184:13-49
	android:theme
		ADDED from dianliang\dawnlightning\AndroidManifest.xml:183:13-56
	android:name
		ADDED from dianliang\dawnlightning\AndroidManifest.xml:181:13-60
	android:launchMode
		ADDED from dianliang\dawnlightning\AndroidManifest.xml:182:13-43
activity#com.dawnlightning.ucqa.Main
ADDED from dianliang\dawnlightning\AndroidManifest.xml:188:9-193:20
	android:screenOrientation
		ADDED from dianliang\dawnlightning\AndroidManifest.xml:192:13-49
	android:label
		ADDED from dianliang\dawnlightning\AndroidManifest.xml:190:13-56
	android:name
		ADDED from dianliang\dawnlightning\AndroidManifest.xml:189:13-55
activity#cn.jpush.android.ui.PushActivity
ADDED from dianliang\dawnlightning\AndroidManifest.xml:196:9-205:20
	android:configChanges
		ADDED from dianliang\dawnlightning\AndroidManifest.xml:198:13-63
	android:exported
		ADDED from dianliang\dawnlightning\AndroidManifest.xml:199:13-37
	android:name
		ADDED from dianliang\dawnlightning\AndroidManifest.xml:197:13-60
intent-filter#android.intent.category.DEFAULT+cn.jpush.android.ui.PushActivity+com.dawnlightning.ucqa
ADDED from dianliang\dawnlightning\AndroidManifest.xml:200:13-204:29
action#cn.jpush.android.ui.PushActivity
ADDED from dianliang\dawnlightning\AndroidManifest.xml:201:17-75
	android:name
		ADDED from dianliang\dawnlightning\AndroidManifest.xml:201:25-72
category#android.intent.category.DEFAULT
ADDED from dianliang\dawnlightning\AndroidManifest.xml:202:17-76
	android:name
		ADDED from dianliang\dawnlightning\AndroidManifest.xml:202:27-73
category#com.dawnlightning.ucqa
ADDED from dianliang\dawnlightning\AndroidManifest.xml:203:17-67
	android:name
		ADDED from dianliang\dawnlightning\AndroidManifest.xml:203:27-64
service#cn.jpush.android.service.DownloadService
ADDED from dianliang\dawnlightning\AndroidManifest.xml:207:9-211:19
	android:exported
		ADDED from dianliang\dawnlightning\AndroidManifest.xml:210:13-37
	android:enabled
		ADDED from dianliang\dawnlightning\AndroidManifest.xml:209:13-35
	android:name
		ADDED from dianliang\dawnlightning\AndroidManifest.xml:208:13-68
service#com.zhy.Update.UpdateService
ADDED from dianliang\dawnlightning\AndroidManifest.xml:213:9-215:12
	android:name
		ADDED from dianliang\dawnlightning\AndroidManifest.xml:214:7-50
service#cn.jpush.android.service.PushService
ADDED from dianliang\dawnlightning\AndroidManifest.xml:217:9-228:19
	android:exported
		ADDED from dianliang\dawnlightning\AndroidManifest.xml:220:13-37
	android:enabled
		ADDED from dianliang\dawnlightning\AndroidManifest.xml:219:13-35
	android:name
		ADDED from dianliang\dawnlightning\AndroidManifest.xml:218:13-64
intent-filter#cn.jpush.android.intent.PUSH_TIME+cn.jpush.android.intent.PushService+cn.jpush.android.intent.REGISTER+cn.jpush.android.intent.REPORT
ADDED from dianliang\dawnlightning\AndroidManifest.xml:221:13-227:29
action#cn.jpush.android.intent.REGISTER
ADDED from dianliang\dawnlightning\AndroidManifest.xml:222:17-75
	android:name
		ADDED from dianliang\dawnlightning\AndroidManifest.xml:222:25-72
action#cn.jpush.android.intent.REPORT
ADDED from dianliang\dawnlightning\AndroidManifest.xml:223:17-73
	android:name
		ADDED from dianliang\dawnlightning\AndroidManifest.xml:223:25-70
action#cn.jpush.android.intent.PushService
ADDED from dianliang\dawnlightning\AndroidManifest.xml:224:17-78
	android:name
		ADDED from dianliang\dawnlightning\AndroidManifest.xml:224:25-75
action#cn.jpush.android.intent.PUSH_TIME
ADDED from dianliang\dawnlightning\AndroidManifest.xml:225:17-76
	android:name
		ADDED from dianliang\dawnlightning\AndroidManifest.xml:225:25-73
service#cn.jpush.android.service.DaemonService
ADDED from dianliang\dawnlightning\AndroidManifest.xml:232:9-240:19
	android:exported
		ADDED from dianliang\dawnlightning\AndroidManifest.xml:235:13-36
	android:enabled
		ADDED from dianliang\dawnlightning\AndroidManifest.xml:234:13-35
	android:name
		ADDED from dianliang\dawnlightning\AndroidManifest.xml:233:13-66
intent-filter#cn.jpush.android.intent.DaemonService+com.dawnlightning.ucqa
ADDED from dianliang\dawnlightning\AndroidManifest.xml:236:13-239:29
action#cn.jpush.android.intent.DaemonService
ADDED from dianliang\dawnlightning\AndroidManifest.xml:237:17-80
	android:name
		ADDED from dianliang\dawnlightning\AndroidManifest.xml:237:25-77
receiver#cn.jpush.android.service.PushReceiver
ADDED from dianliang\dawnlightning\AndroidManifest.xml:244:9-263:20
	android:exported
		ADDED from dianliang\dawnlightning\AndroidManifest.xml:247:13-37
	android:enabled
		ADDED from dianliang\dawnlightning\AndroidManifest.xml:246:13-35
	android:name
		ADDED from dianliang\dawnlightning\AndroidManifest.xml:245:13-65
intent-filter#cn.jpush.android.intent.NOTIFICATION_RECEIVED_PROXY+com.dawnlightning.ucqa
ADDED from dianliang\dawnlightning\AndroidManifest.xml:248:14-251:29
	android:priority
		ADDED from dianliang\dawnlightning\AndroidManifest.xml:248:29-52
action#cn.jpush.android.intent.NOTIFICATION_RECEIVED_PROXY
ADDED from dianliang\dawnlightning\AndroidManifest.xml:249:17-94
	android:name
		ADDED from dianliang\dawnlightning\AndroidManifest.xml:249:25-91
intent-filter#android.intent.action.USER_PRESENT+android.net.conn.CONNECTIVITY_CHANGE
ADDED from dianliang\dawnlightning\AndroidManifest.xml:252:13-255:29
action#android.intent.action.USER_PRESENT
ADDED from dianliang\dawnlightning\AndroidManifest.xml:253:17-77
	android:name
		ADDED from dianliang\dawnlightning\AndroidManifest.xml:253:25-74
action#android.net.conn.CONNECTIVITY_CHANGE
ADDED from dianliang\dawnlightning\AndroidManifest.xml:254:17-79
	android:name
		ADDED from dianliang\dawnlightning\AndroidManifest.xml:254:25-76
intent-filter#android.intent.action.PACKAGE_ADDED+android.intent.action.PACKAGE_REMOVED
ADDED from dianliang\dawnlightning\AndroidManifest.xml:257:13-261:29
action#android.intent.action.PACKAGE_ADDED
ADDED from dianliang\dawnlightning\AndroidManifest.xml:258:17-78
	android:name
		ADDED from dianliang\dawnlightning\AndroidManifest.xml:258:25-75
action#android.intent.action.PACKAGE_REMOVED
ADDED from dianliang\dawnlightning\AndroidManifest.xml:259:17-80
	android:name
		ADDED from dianliang\dawnlightning\AndroidManifest.xml:259:25-77
data
ADDED from dianliang\dawnlightning\AndroidManifest.xml:260:17-50
	android:scheme
		ADDED from dianliang\dawnlightning\AndroidManifest.xml:260:23-47
receiver#cn.jpush.android.service.AlarmReceiver
ADDED from dianliang\dawnlightning\AndroidManifest.xml:266:9-75
	android:name
		ADDED from dianliang\dawnlightning\AndroidManifest.xml:266:19-72
receiver#com.zhy.Push.MyReceiver
ADDED from dianliang\dawnlightning\AndroidManifest.xml:269:9-283:20
	android:exported
		ADDED from dianliang\dawnlightning\AndroidManifest.xml:272:13-37
	android:enabled
		ADDED from dianliang\dawnlightning\AndroidManifest.xml:271:13-35
	android:name
		ADDED from dianliang\dawnlightning\AndroidManifest.xml:270:13-51
intent-filter#cn.jpush.android.intent.ACTION_RICHPUSH_CALLBACK+cn.jpush.android.intent.CONNECTION+cn.jpush.android.intent.MESSAGE_RECEIVED+cn.jpush.android.intent.NOTIFICATION_OPENED+cn.jpush.android.intent.NOTIFICATION_RECEIVED+cn.jpush.android.intent.REGISTRATION+cn.jpush.android.intent.UNREGISTRATION+com.dawnlightning.ucqa
ADDED from dianliang\dawnlightning\AndroidManifest.xml:273:13-282:29
action#cn.jpush.android.intent.REGISTRATION
ADDED from dianliang\dawnlightning\AndroidManifest.xml:274:17-79
	android:name
		ADDED from dianliang\dawnlightning\AndroidManifest.xml:274:25-76
action#cn.jpush.android.intent.UNREGISTRATION
ADDED from dianliang\dawnlightning\AndroidManifest.xml:275:17-81
	android:name
		ADDED from dianliang\dawnlightning\AndroidManifest.xml:275:25-78
action#cn.jpush.android.intent.MESSAGE_RECEIVED
ADDED from dianliang\dawnlightning\AndroidManifest.xml:276:17-83
	android:name
		ADDED from dianliang\dawnlightning\AndroidManifest.xml:276:25-80
action#cn.jpush.android.intent.NOTIFICATION_RECEIVED
ADDED from dianliang\dawnlightning\AndroidManifest.xml:277:17-88
	android:name
		ADDED from dianliang\dawnlightning\AndroidManifest.xml:277:25-85
action#cn.jpush.android.intent.NOTIFICATION_OPENED
ADDED from dianliang\dawnlightning\AndroidManifest.xml:278:17-86
	android:name
		ADDED from dianliang\dawnlightning\AndroidManifest.xml:278:25-83
action#cn.jpush.android.intent.ACTION_RICHPUSH_CALLBACK
ADDED from dianliang\dawnlightning\AndroidManifest.xml:279:17-91
	android:name
		ADDED from dianliang\dawnlightning\AndroidManifest.xml:279:25-88
action#cn.jpush.android.intent.CONNECTION
ADDED from dianliang\dawnlightning\AndroidManifest.xml:280:17-77
	android:name
		ADDED from dianliang\dawnlightning\AndroidManifest.xml:280:25-74
meta-data#JPUSH_CHANNEL
ADDED from dianliang\dawnlightning\AndroidManifest.xml:287:9-84
	android:name
		ADDED from dianliang\dawnlightning\AndroidManifest.xml:287:20-48
	android:value
		ADDED from dianliang\dawnlightning\AndroidManifest.xml:287:49-82
meta-data#JPUSH_APPKEY
ADDED from dianliang\dawnlightning\AndroidManifest.xml:288:9-91
	android:name
		ADDED from dianliang\dawnlightning\AndroidManifest.xml:288:20-47
	android:value
		ADDED from dianliang\dawnlightning\AndroidManifest.xml:288:48-88
activity#com.mob.tools.MobUIShell
ADDED from dianliang\dawnlightning\AndroidManifest.xml:290:9-334:14
	android:windowSoftInputMode
		ADDED from dianliang\dawnlightning\AndroidManifest.xml:295:4-58
	android:screenOrientation
		ADDED from dianliang\dawnlightning\AndroidManifest.xml:294:4-40
	android:configChanges
		ADDED from dianliang\dawnlightning\AndroidManifest.xml:293:4-65
	android:theme
		ADDED from dianliang\dawnlightning\AndroidManifest.xml:292:4-63
	android:name
		ADDED from dianliang\dawnlightning\AndroidManifest.xml:291:4-43
meta-data#AuthorizeAdapter
ADDED from dianliang\dawnlightning\AndroidManifest.xml:301:13-101
	android:name
		ADDED from dianliang\dawnlightning\AndroidManifest.xml:301:24-55
	android:value
		ADDED from dianliang\dawnlightning\AndroidManifest.xml:301:56-98
intent-filter#android.intent.action.VIEW+android.intent.category.BROWSABLE+android.intent.category.DEFAULT
ADDED from dianliang\dawnlightning\AndroidManifest.xml:315:13-320:29
action#android.intent.action.VIEW
ADDED from dianliang\dawnlightning\AndroidManifest.xml:317:11-63
	android:name
		ADDED from dianliang\dawnlightning\AndroidManifest.xml:317:19-60
category#android.intent.category.BROWSABLE
ADDED from dianliang\dawnlightning\AndroidManifest.xml:318:11-71
	android:name
		ADDED from dianliang\dawnlightning\AndroidManifest.xml:318:21-69
intent-filter#android.intent.category.DEFAULT+com.sina.weibo.sdk.action.ACTION_SDK_REQ_ACTIVITY
ADDED from dianliang\dawnlightning\AndroidManifest.xml:330:13-333:20
action#com.sina.weibo.sdk.action.ACTION_SDK_REQ_ACTIVITY
ADDED from dianliang\dawnlightning\AndroidManifest.xml:331:5-80
	android:name
		ADDED from dianliang\dawnlightning\AndroidManifest.xml:331:13-77
activity#cn.sharesdk.share.demo.wxapi.WXEntryActivity
ADDED from dianliang\dawnlightning\AndroidManifest.xml:337:9-341:39
	android:configChanges
		ADDED from dianliang\dawnlightning\AndroidManifest.xml:340:13-74
	android:theme
		ADDED from dianliang\dawnlightning\AndroidManifest.xml:339:13-72
	android:exported
		ADDED from dianliang\dawnlightning\AndroidManifest.xml:341:13-36
	android:name
		ADDED from dianliang\dawnlightning\AndroidManifest.xml:338:13-72